<testsuites id="" name="" tests="1" failures="0" skipped="0" errors="0" time="158.234957">
<testsuite name="tests\features\Service\salesforce_quick-texts.feature.spec.js" timestamp="2025-11-25T14:28:45.670Z" hostname="Google Chrome" tests="1" failures="0" skipped="0" time="153.056" errors="0">
<testcase name="Salesforce Quick Texts Management › Create and Manage New Quick Texts with Different Data › Example #1" classname="tests\features\Service\salesforce_quick-texts.feature.spec.js" time="153.056">
<system-out>
<![CDATA[🚀 Initializing SalesforceLogin page object
✅ SalesforceLogin page object initialized successfully with all locators
🔄 Starting Salesforce login process...
📝 Login username: yeikuhozoiffa-1695@yopmail.com
Screenshot saved: 1-start-login
✅ Navigated to Salesforce login page
📋 Filling login credentials...
✅ Login credentials submitted
🎉 Login process completed!
🚀 Initializing SalesforceHome page object
✅ SalesforceHome page object initialized successfully with all locators
🔄 Starting app search and navigation...
📱 Searching for app: Quick Text
✅ App launcher is visible
Screenshot saved: 1-start-app-search
✅ App launcher opened
🔍 Searched for app in search box
Screenshot saved: 2-end-app-navigation
✅ Successfully navigated to Quick Text app
🎉 App navigation completed!
🚀 Initializing SalesforceQuickTexts page object
✅ SalesforceQuickTexts page object initialized successfully with all locators
📋 Step: Add new quick text with following details
📊 Data received: {
  "Field": "Account Description",
  "QuickTextName": "Order Confirmation",
  "Message": "Your order has been confirmed and will be shipped within 24 hours",
  "Category": "Greetings",
  "RelatedTo": "Account",
  "IncludeInSelectedChannels": "true"
}
🔄 Starting quick text creation process...
📝 Quick text details: {
  "Field": "Account Description",
  "QuickTextName": "Order Confirmation",
  "Message": "Your order has been confirmed and will be shipped within 24 hours",
  "Category": "Greetings",
  "RelatedTo": "Account",
  "IncludeInSelectedChannels": "true"
}
Screenshot saved: 1-start-quicktext
📋 Form loaded, filling fields...
✅ Quick Text Name filled: "Order Confirmation"
✅ Message field filled with content
📋 Inserting merge field...
✅ Related To set to: "Account"
✅ Field set to: "Account Description"
✅ Merge field inserted
✅ Category set to: "Greetings"
✅ "Include in selected channels" already in desired state
💾 Saving the quick text...
✅ Quick text saved successfully
Screenshot saved: 2-end-quicktext
🎉 Quick text creation completed!
🔍 Starting quick text verification...
🔍 Verifying quick text name: "Order Confirmation"
✅ Quick text found in the list
Screenshot saved: 3-verification
🎉 Verification completed!
✅ Quick text creation step completed
🚀 Initializing SalesforceQuickTexts page object
✅ SalesforceQuickTexts page object initialized successfully with all locators
✅ Step: Verify quick text is created successfully
📊 Data to verify: {
  "Field": "Value",
  "QuickTextName": "Order Confirmation"
}
🔍 Starting quick text verification...
🔍 Verifying quick text name: "Order Confirmation"
✅ Quick text found in the list
Screenshot saved: 3-verification
🎉 Verification completed!
✅ Verification step completed

[[ATTACHMENT|..\test-results\tests-features-Service-sal-2fe98-th-Different-Data-Example-1-Google-Chrome\test-finished-1.png]]

[[ATTACHMENT|..\test-results\tests-features-Service-sal-2fe98-th-Different-Data-Example-1-Google-Chrome\trace.zip]]
]]>
</system-out>
</testcase>
</testsuite>
</testsuites>