<testsuites id="" name="" tests="1" failures="0" skipped="0" errors="0" time="156.94548699999999">
<testsuite name="tests\features\CustomerData\salesforce_contacts.feature.spec.js" timestamp="2025-11-28T15:11:10.244Z" hostname="Google Chrome" tests="1" failures="0" skipped="0" time="151.47" errors="0">
<testcase name="Salesforce Contact Management › Create and Manage New Contacts with Different Data › Example #1" classname="tests\features\CustomerData\salesforce_contacts.feature.spec.js" time="151.47">
<system-out>
<![CDATA[🚀 Initializing SalesforceLogin page object
✅ SalesforceLogin page object initialized successfully with all locators
🔄 Starting Salesforce login process...
📝 Login username: yeikuhozoiffa-1695@yopmail.com
Screenshot saved: 1-start-login
✅ Navigated to Salesforce login page
📋 Filling login credentials...
✅ Login credentials submitted
🎉 Login process completed!
🚀 Initializing SalesforceHome page object
✅ SalesforceHome page object initialized successfully with all locators
🔄 Starting app search and navigation...
📱 Searching for app: Contacts
✅ App launcher is visible
Screenshot saved: 1-start-app-search
✅ App launcher opened
🔍 Searched for app in search box
Screenshot saved: 2-end-app-navigation
✅ Successfully navigated to Contacts app
🎉 App navigation completed!
🚀 Initializing SalesforceContacts page object
✅ SalesforceContacts page object initialized successfully with all locators
🔄 Starting contact creation process...
📝 Contact details: {
  "Field": "Value",
  "Salutation": "Ms.",
  "FirstName": "TEst",
  "LastName": "Johnson",
  "AccountName": "Test Account 2",
  "Title": "IT Director",
  "Phone": "+1234567895",
  "HomePhone": "+1234567896",
  "Mobile": "+1987654322",
  "OtherPhone": "+1234567897",
  "Fax": "+1234567898",
  "Email": "sarah.j@test.com",
  "Assistant": "John Davis",
  "AssistantPhone": "+1234567899",
  "Department": "IT",
  "LeadSource": "Phone Inquiry",
  "Birthdate": "1990-03-22",
  "ReportsTo": "Michael Brown",
  "Languages": "English,German",
  "Level": "Secondary",
  "MailingStreet": "456 Park Ave",
  "MailingCity": "Los Angeles",
  "MailingState": "CA",
  "MailingZip": "90001",
  "MailingCountry": "USA",
  "OtherStreet": "789 Home Ave",
  "OtherCity": "Pasadena",
  "OtherState": "CA",
  "OtherZip": "90002",
  "OtherCountry": "USA",
  "Description": "Technology project lead"
}
Screenshot saved: 1-start-contact
✅ Contact creation dialog opened
📋 Filling form fields...
💾 Saving the contact...
✅ Contact saved successfully
Screenshot saved: 2-end-contact
🎉 Contact creation completed!
🔍 Starting contact verification...
✅ Contact verification successful
Screenshot saved: 3-verification
🎉 Verification completed!

[[ATTACHMENT|..\test-results\tests-features-CustomerDat-b22ec-th-Different-Data-Example-1-Google-Chrome\test-finished-1.png]]

[[ATTACHMENT|..\test-results\tests-features-CustomerDat-b22ec-th-Different-Data-Example-1-Google-Chrome\trace.zip]]
]]>
</system-out>
</testcase>
</testsuite>
</testsuites>