<testsuites id="" name="" tests="1" failures="0" skipped="0" errors="0" time="54.198017">
<testsuite name="tests\features\Sales\salesforce_price-books.feature.spec.js" timestamp="2025-11-18T15:24:59.669Z" hostname="Google Chrome" tests="1" failures="0" skipped="0" time="47.726" errors="0">
<testcase name="Salesforce Price Books Management › Create and Manage New Price Books with Different Data › Example #1" classname="tests\features\Sales\salesforce_price-books.feature.spec.js" time="47.726">
<system-out>
<![CDATA[🚀 Initializing SalesforceLogin page object
✅ SalesforceLogin page object initialized successfully with all locators
🔄 Starting Salesforce login process...
📝 Login username: reicekigrauppoi-8940@yopmail.com
Screenshot saved: 1-start-login
✅ Navigated to Salesforce login page
📋 Filling login credentials...
✅ Login credentials submitted
🎉 Login process completed!
🚀 Initializing SalesforceHome page object
✅ SalesforceHome page object initialized successfully with all locators
🔄 Starting app search and navigation...
📱 Searching for app: Price Books
✅ App launcher is visible
Screenshot saved: 1-start-app-search
✅ App launcher opened
🔍 Searched for app in search box
Screenshot saved: 2-end-app-navigation
✅ Successfully navigated to Price Books app
🎉 App navigation completed!
🚀 Initializing SalesforcePriceBooks page object
✅ SalesforcePriceBooks page object initialized successfully with all locators
🔄 Starting price book creation process...
📝 Price Book details: {
  "Field": "Value",
  "Price Book Name": "Standard Pricebook",
  "Active": "true",
  "Description": "Standard price book for test"
}
Screenshot saved: 1-start-pricebook
✅ Price Book creation dialog opened
📋 Filling form fields...
✅ Set Active status to: true
💾 Saving the price book...
✅ Price Book saved successfully
Screenshot saved: 2-end-pricebook
🎉 Price Book creation completed!
🚀 Initializing SalesforcePriceBooks page object
✅ SalesforcePriceBooks page object initialized successfully with all locators
🔍 Starting price book verification...
✅ Price Book name verification successful: Standard Pricebook
Screenshot saved: 3-verification
🎉 Price Book verification completed!

[[ATTACHMENT|..\test-results\tests-features-Sales-sales-bca34-th-Different-Data-Example-1-Google-Chrome\test-finished-1.png]]

[[ATTACHMENT|..\test-results\tests-features-Sales-sales-bca34-th-Different-Data-Example-1-Google-Chrome\trace.zip]]
]]>
</system-out>
</testcase>
</testsuite>
</testsuites>