<testsuites id="" name="" tests="1" failures="1" skipped="0" errors="0" time="13.099287">
<testsuite name="tests\features\Finance\salesforce_alternative-payment.feature.spec.js" timestamp="2025-11-11T11:20:19.677Z" hostname="Google Chrome" tests="1" failures="1" skipped="0" time="8.96" errors="0">
<testcase name="Alternative Payment Method Management in Salesforce › Create a new alternative payment method with complete details › Example #1" classname="tests\features\Finance\salesforce_alternative-payment.feature.spec.js" time="8.96">
<failure message="salesforce_alternative-payment.feature.spec.js:8:9 Example #1" type="FAILURE">
<![CDATA[  [Google Chrome] › tests\features\Finance\salesforce_alternative-payment.feature.spec.js:8:9 › Alternative Payment Method Management in Salesforce › Create a new alternative payment method with complete details › Example #1 › When Search for "Alternative Payment Methods" in app launcher 

    Error: expect(locator).toBeVisible() failed

    Locator: locator('//button[@title=\'App Launcher\']')
    Expected: visible
    Error: element(s) not found

    Call log:
      - Expect "toBeVisible" with timeout 20000ms
      - waiting for locator('//button[@title=\'App Launcher\']')


       at ..\pages\OtherFunctionality\salesforceHome.ts:97

       95 |   async searchApp(appName: string) {
       96 |     console.log("🔄 Starting app search and navigation...");
    >  97 |     console.log(`📱 Searching for app: ${appName}`);
          |                                                ^
       98 |
       99 |     // Wait for app launcher to be visible and click it
      100 |     await expect(this.app_launcher).toBeVisible({ timeout: 20000 });
        at SalesforceHomePage.searchApp (C:\Users\kasuvarn\OneDrive - Capgemini\Desktop\coding\Kartik Salesforce\pages\OtherFunctionality\salesforceHome.ts:97:48)
        at Object.<anonymous> (C:\Users\kasuvarn\OneDrive - Capgemini\Desktop\coding\Kartik Salesforce\stepdef\OtherFunctionality\salesforce_homepage.ts:8:20)
        at C:\Users\kasuvarn\OneDrive - Capgemini\Desktop\coding\Kartik Salesforce\.features-gen\tests\features\Finance\salesforce_alternative-payment.feature.spec.js:10:7

    attachment #2: trace (application/zip) ─────────────────────────────────────────────────────────
    ..\test-results\tests-features-Finance-sal-7bf81--complete-details-Example-1-Google-Chrome\trace.zip
    Usage:

        npx playwright show-trace ..\test-results\tests-features-Finance-sal-7bf81--complete-details-Example-1-Google-Chrome\trace.zip

    ────────────────────────────────────────────────────────────────────────────────────────────────
]]>
</failure>
<system-out>
<![CDATA[🚀 Initializing SalesforceLogin page object
✅ SalesforceLogin page object initialized successfully with all locators
🔄 Starting Salesforce login process...
📝 Login username: reicekigrauppoi-8940@yopmail.com
Screenshot saved
✅ Navigated to Salesforce login page
📋 Filling login credentials...
✅ Login credentials submitted
🎉 Login process completed!
🚀 Initializing SalesforceHome page object
✅ SalesforceHome page object initialized successfully with all locators
🔄 Starting app search and navigation...
📱 Searching for app: Alternative Payment Methods

[[ATTACHMENT|..\test-results\tests-features-Finance-sal-7bf81--complete-details-Example-1-Google-Chrome\trace.zip]]
]]>
</system-out>
</testcase>
</testsuite>
</testsuites>