<testsuites id="" name="" tests="1" failures="1" skipped="0" errors="0" time="11.011271">
<testsuite name="tests\features\IntegrationTest\accounts_opportunities.feature.spec.js" timestamp="2025-12-05T05:42:04.163Z" hostname="Google Chrome" tests="1" failures="1" skipped="0" time="8.408" errors="0">
<testcase name="Create account module then click on first account on list and add opportunities on it. › Create a new business account with complete details › Example #1" classname="tests\features\IntegrationTest\accounts_opportunities.feature.spec.js" time="8.408">
<failure message="accounts_opportunities.feature.spec.js:8:9 Example #1" type="FAILURE">
<![CDATA[  [Google Chrome] › tests\features\IntegrationTest\accounts_opportunities.feature.spec.js:8:9 › Create account module then click on first account on list and add opportunities on it. › Create a new business account with complete details › Example #1 @account-opportunities › When Search for "Accounts" in app launcher 

    Error: expect(locator).toBeVisible() failed

    Locator: locator('//button[@title=\'App Launcher\']')
    Expected: visible
    Error: element(s) not found

    Call log:
      - Expect "toBeVisible" with timeout 200000ms
      - waiting for locator('//button[@title=\'App Launcher\']')


       at ..\pages\OtherFunctionality\salesforceHome.ts:110

      108 |
      109 |     // Wait for app launcher to be visible and click it
    > 110 |     await expect(this.app_launcher).toBeVisible({ timeout: 200000 });
          |                                     ^
      111 |     console.log("✅ App launcher is visible");
      112 |
      113 |     // Take start screenshot for verification
        at SalesforceHomePage.searchApp (C:\Users\pradhkum\Documents\Pk_salesforce\Salesforce_Reusables\pages\OtherFunctionality\salesforceHome.ts:110:37)
        at Object.<anonymous> (C:\Users\pradhkum\Documents\Pk_salesforce\Salesforce_Reusables\stepdef\OtherFunctionality\salesforce_homepage.ts:8:20)
        at C:\Users\pradhkum\Documents\Pk_salesforce\Salesforce_Reusables\.features-gen\tests\features\IntegrationTest\accounts_opportunities.feature.spec.js:10:7

    attachment #2: video (video/webm) ──────────────────────────────────────────────────────────────
    ..\test-results\tests-features-Integration-1dd21--complete-details-Example-1-Google-Chrome\video.webm
    ────────────────────────────────────────────────────────────────────────────────────────────────

    attachment #3: trace (application/zip) ─────────────────────────────────────────────────────────
    ..\test-results\tests-features-Integration-1dd21--complete-details-Example-1-Google-Chrome\trace.zip
    Usage:

        npx playwright show-trace ..\test-results\tests-features-Integration-1dd21--complete-details-Example-1-Google-Chrome\trace.zip

    ────────────────────────────────────────────────────────────────────────────────────────────────
]]>
</failure>
<system-out>
<![CDATA[🚀 Initializing SalesforceLogin page object
✅ SalesforceLogin page object initialized successfully with all locators
🔄 Starting Salesforce login process...
📝 Login username: breakfast-bush786@agentforce.com
🔧 Verification method: Mailosaur
Screenshot saved: 1-start-login
✅ Navigated to Salesforce login page
📋 Filling login credentials...
✅ Login credentials submitted
🎉 Login process completed!
🚀 Initializing SalesforceHome page object
✅ SalesforceHome page object initialized successfully with all locators
🔄 Starting app search and navigation...
📱 Searching for app: Accounts

[[ATTACHMENT|..\test-results\tests-features-Integration-1dd21--complete-details-Example-1-Google-Chrome\video.webm]]

[[ATTACHMENT|..\test-results\tests-features-Integration-1dd21--complete-details-Example-1-Google-Chrome\trace.zip]]
]]>
</system-out>
</testcase>
</testsuite>
</testsuites>