<testsuites id="" name="" tests="1" failures="0" skipped="0" errors="0" time="51.589377999999996">
<testsuite name="tests\features\IntegrationTest\accounts_opportunities.feature.spec.js" timestamp="2025-12-03T09:06:33.410Z" hostname="Google Chrome" tests="1" failures="0" skipped="0" time="46.691" errors="0">
<testcase name="Create account module then click on first account on list and add opportunities on it. › Create a new business account with complete details › Example #1" classname="tests\features\IntegrationTest\accounts_opportunities.feature.spec.js" time="46.691">
<system-out>
<![CDATA[🚀 Initializing SalesforceLogin page object
✅ SalesforceLogin page object initialized successfully with all locators
🔄 Starting Salesforce login process...
📝 Login username: yeikuhozoiffa-1695@yopmail.com
Screenshot saved: 1-start-login
✅ Navigated to Salesforce login page
📋 Filling login credentials...
✅ Login credentials submitted
🔐 Two-factor authentication required - retrieving verification code...
📧 Retrieving verification code from Yopmail...
🚀 Initializing YopmailLocators page object
✅ YopmailLocators page object initialized successfully with all locators
🔄 Navigating to Yopmail service...
✅ Successfully navigated to Yopmail
Screenshot saved: yopmail/1-start-case.png
🔄 Checking email inbox for: yeikuhozoiffa-1695@yopmail.com
🔄 Refreshing email inbox...
✅ Inbox refreshed successfully
Screenshot saved: yopmail/2-end-case.png
✅ Email inbox accessed successfully
🔄 Extracting verification code from email...
Screenshot saved: yopmail/3-verification.png
🎉 Verification code extracted successfully: 547793
✅ Verification code retrieved successfully
🔐 Entering verification code...
Screenshot saved: 2-end-login
✅ Verification code entered successfully
✅ Two-factor authentication completed
🎉 Login process completed!
🚀 Initializing SalesforceHome page object
✅ SalesforceHome page object initialized successfully with all locators
🔄 Starting app search and navigation...
📱 Searching for app: Accounts
✅ App launcher is visible
Screenshot saved: 1-start-app-search
✅ App launcher opened
🔍 Searched for app in search box
Screenshot saved: 2-end-app-navigation
✅ Successfully navigated to Accounts app
🎉 App navigation completed!
🚀 Initializing SalesforceHome page object
✅ SalesforceHome page object initialized successfully with all locators
🔄 Starting New Page creation process...
Screenshot saved: 1-start-opportunity
✅ Opportunity creation dialog opened
🚀 Initializing SalesforceAccounts page object
✅ SalesforceAccounts page object initialized successfully with all locators
🔄 Starting account creation process...
📝 Account details: {
  "Field Name": "Value",
  "Account Name": "Tech Solutions Inc 2025",
  "Phone": "555-0123",
  "Industry": "Technology",
  "Type": "Technology Partner",
  "Website": "www.techsol2025.com",
  "Employees": "500",
  "Description": "A leading technology company specializing in enterprise solutions",
  "Rating": "Hot",
  "Account Site": "Headquarters",
  "Account Number": "ACC2025",
  "Annual Revenue": "5000000"
}
Screenshot saved: 1-start-account
📋 Filling form fields...
💾 Saving the account...
✅ Account saved successfully
Screenshot saved: 2-end-account
🎉 Account creation completed!
🚀 Initializing SalesforceAccounts page object
✅ SalesforceAccounts page object initialized successfully with all locators
🔍 Starting account verification...
✅ Account name verification successful: Tech Solutions Inc 2025
Screenshot saved: 3-verification
🎉 Account verification completed!
🚀 Initializing SalesforceOpportunities page object
✅ SalesforceOpportunities page object initialized successfully with all locators
📋 Filling form fields...
📝 Opportunity details: {
  "Field": "Value",
  "Name": "New Business Opp",
  "Type": "New Customer",
  "Stage": "Prospecting",
  "Amount": "50000",
  "CloseDate": "10/10/2024",
  "Private": "Yes",
  "NextStep": "Initial Contact",
  "Description": "New business opportunity test"
}
💾 Saving the opportunity...
✅ Opportunity saved successfully
Screenshot saved: 2-end-opportunity
🎉 Opportunity creation completed!

[[ATTACHMENT|..\test-results\tests-features-Integration-1dd21--complete-details-Example-1-Google-Chrome\test-finished-1.png]]

[[ATTACHMENT|..\test-results\tests-features-Integration-1dd21--complete-details-Example-1-Google-Chrome\trace.zip]]
]]>
</system-out>
</testcase>
</testsuite>
</testsuites>