<testsuites id="" name="" tests="1" failures="0" skipped="0" errors="0" time="60.759123">
<testsuite name="tests\features\Inventory\salesforce_inventoryResevations.feature.spec.js" timestamp="2025-11-26T11:29:26.492Z" hostname="Google Chrome" tests="1" failures="0" skipped="0" time="56.436" errors="0">
<testcase name="Create Inventory Reservations in Salesforce › Create a new Inventory Reservations and verify it is created › Example #1" classname="tests\features\Inventory\salesforce_inventoryResevations.feature.spec.js" time="56.436">
<system-out>
<![CDATA[🚀 Initializing SalesforceLogin page object
✅ SalesforceLogin page object initialized successfully with all locators
🔄 Starting Salesforce login process...
📝 Login username: m9vyt574@agentforce.com
Screenshot saved: 1-start-login
✅ Navigated to Salesforce login page
📋 Filling login credentials...
✅ Login credentials submitted
🎉 Login process completed!
🚀 Initializing SalesforceHome page object
✅ SalesforceHome page object initialized successfully with all locators
🔄 Starting app search and navigation...
📱 Searching for app: Inventory Reservations
✅ App launcher is visible
Screenshot saved: 1-start-app-search
✅ App launcher opened
🔍 Searched for app in search box
Screenshot saved: 2-end-app-navigation
✅ Successfully navigated to Inventory Reservations app
🎉 App navigation completed!
🚀 Initializing SalesforceInventoryReservations page object
✅ SalesforceInventoryReservations page object initialized successfully with all locators
Filling Inventory Reservation form
Screenshot saved: 01-filling-start
Reservation Identifier: Incident
Reservation Duration: 120
Reservation Date: 11/11/2023
Reservation Time: 10:00 AM
Async Operation in Progress: True
Latest Operation Succeeded: True
Screenshot saved: 02-Filling-Complete
Screenshot saved: 03-Status
🚀 Initializing SalesforceInventoryReservations page object
✅ SalesforceInventoryReservations page object initialized successfully with all locators
Verifying reservation details on detail page
Checking page content for reservation details...
✓ Reservation Identifier verified: Incident
Screenshot saved: 04-Verification-Complete
✓ All verification checks completed successfully!

[[ATTACHMENT|..\test-results\tests-features-Inventory-s-6471b-ify-it-is-created-Example-1-Google-Chrome\test-finished-1.png]]

[[ATTACHMENT|..\test-results\tests-features-Inventory-s-6471b-ify-it-is-created-Example-1-Google-Chrome\trace.zip]]
]]>
</system-out>
</testcase>
</testsuite>
</testsuites>