<testsuites id="" name="" tests="1" failures="0" skipped="0" errors="0" time="53.193807">
<testsuite name="tests\features\Platform\salesforce_dashboards.feature.spec.js" timestamp="2025-12-09T03:45:51.221Z" hostname="Google Chrome" tests="1" failures="0" skipped="0" time="48.45" errors="0">
<testcase name="Salesforce Dashboards Management › Create and Manage Dashboards with Different Components › Example #1" classname="tests\features\Platform\salesforce_dashboards.feature.spec.js" time="48.45">
<system-out>
<![CDATA[🚀 Initializing SalesforceLogin page object
✅ SalesforceLogin page object initialized successfully with all locators
🔄 Starting Salesforce login process...
📝 Login username: breakfast-bush786@agentforce.com
🔧 Verification method: Mailosaur
Screenshot saved: 1-start-login
✅ Navigated to Salesforce login page
📋 Filling login credentials...
✅ Login credentials submitted
🔐 Two-factor authentication required - retrieving verification code from Mailosaur...
Retrieving verification code from Mailosaur via API...
credentials q2LAcc0Um0nOqbIfP1W0lwejUVXoe0q8 l4xgwx7y breakfast-bush@l4xgwx7y.mailosaur.net
Message retrieved: Verify your identity in Salesforce
🔐 Retrieved code: 445599
🔐 Entering verification code...
Screenshot saved: 2-end-login
✅ Verification code entered successfully
✅ Two-factor authentication completed
🎉 Login process completed!
🚀 Initializing SalesforceHome page object
✅ SalesforceHome page object initialized successfully with all locators
🔄 Starting app search and navigation...
📱 Searching for app: Dashboards
✅ App launcher is visible
Screenshot saved: 1-start-app-search
✅ App launcher opened
🔍 Searched for app in search box
Screenshot saved: 2-end-app-navigation
✅ Successfully navigated to Dashboards app
🎉 App navigation completed!
🚀 Initializing SalesforceDashboards page object
✅ SalesforceDashboards page object initialized successfully with all locators
🔄 Starting dashboard creation process...
📝 Dashboard details: {
  "Field": "Value",
  "DashboardName": "Sales",
  "Description": "Sales performance tracking",
  "Folder": "Enablement Dashboard Spring '24"
}
Screenshot saved: 1-start-dashboard
✅ Dashboard creation dialog opened
📋 Filling form fields...
💾 Saving the dashboard...
✅ Dashboard Created successfully
✅ Dashboard saved successfully
✅ Dashboard creation completed successfully
Screenshot saved: 2-end-dashboard
🎉 Dashboard creation completed!
🚀 Initializing SalesforceDashboards page object
✅ SalesforceDashboards page object initialized successfully with all locators
🚀 Initializing SalesforceDashboards page object
✅ SalesforceDashboards page object initialized successfully with all locators
🔍 Starting dashboard verification...
Screenshot saved: 3-verification
📊 Verifying dashboard: Sales
✅ Dashboard successfully verified in interface
🎉 Verification completed!

[[ATTACHMENT|..\test-results\tests-features-Platform-sa-6e30d-ferent-Components-Example-1-Google-Chrome\test-finished-1.png]]

[[ATTACHMENT|..\test-results\tests-features-Platform-sa-6e30d-ferent-Components-Example-1-Google-Chrome\trace.zip]]
]]>
</system-out>
<system-err>
<![CDATA[(node:13400) Warning: Setting the NODE_TLS_REJECT_UNAUTHORIZED environment variable to '0' makes TLS connections and HTTPS requests insecure by disabling certificate verification.
(Use `node --trace-warnings ...` to show where the warning was created)
]]>
</system-err>
</testcase>
</testsuite>
</testsuites>