<testsuites id="" name="" tests="1" failures="0" skipped="0" errors="0" time="76.502462">
<testsuite name="tests\features\CustomerData\salesforce_individuals.feature.spec.js" timestamp="2025-11-24T12:33:47.426Z" hostname="Google Chrome" tests="1" failures="0" skipped="0" time="69.521" errors="0">
<testcase name="Salesforce Individual Management › Add new individual records › Example #1" classname="tests\features\CustomerData\salesforce_individuals.feature.spec.js" time="69.521">
<system-out>
<![CDATA[🚀 Initializing SalesforceLogin page object
✅ SalesforceLogin page object initialized successfully with all locators
🔄 Starting Salesforce login process...
📝 Login username: reicekigrauppoi-8940@yopmail.com
Screenshot saved: 1-start-login
✅ Navigated to Salesforce login page
📋 Filling login credentials...
✅ Login credentials submitted
🎉 Login process completed!
🚀 Initializing SalesforceHome page object
✅ SalesforceHome page object initialized successfully with all locators
🔄 Starting app search and navigation...
📱 Searching for app: Individuals
✅ App launcher is visible
Screenshot saved: 1-start-app-search
✅ App launcher opened
🔍 Searched for app in search box
Screenshot saved: 2-end-app-navigation
✅ Successfully navigated to Individuals app
🎉 App navigation completed!
🚀 Initializing SalesforceIndividuals page object
✅ SalesforceIndividuals page object initialized successfully with all locators
🔄 Starting individual creation process...
📝 Individual details: {
  "Field": "Value",
  "Salutation": "Mr.",
  "FirstName": "John",
  "LastName": "TestIndividual",
  "BirthDate": "01/01/1990",
  "Individual's Age": "13 or Older",
  "Block Geolocation Tracking": "true",
  "Don't Process": "true",
  "Don't Profile": "true",
  "Don't Market": "true",
  "Don't Track": "true",
  "Export Individual's Data": "true",
  "Forget this Individual": "true",
  "OK to Store PII Data Elsewhere": "true"
}
Screenshot saved: 1-start-individual
✅ Individual creation form opened
📋 Filling form fields...
💾 Saving the individual...
✅ Individual saved successfully
Screenshot saved: 2-end-individual
🎉 Individual creation completed!
🚀 Initializing SalesforceIndividuals page object
✅ SalesforceIndividuals page object initialized successfully with all locators
🔍 Starting individual verification...
✅ Individual name verification successful: John TestIndividual
Screenshot saved: 3-verification
🎉 Individual verification completed!

[[ATTACHMENT|..\test-results\tests-features-CustomerDat-fb7c1-ndividual-records-Example-1-Google-Chrome\test-finished-1.png]]

[[ATTACHMENT|..\test-results\tests-features-CustomerDat-fb7c1-ndividual-records-Example-1-Google-Chrome\trace.zip]]
]]>
</system-out>
</testcase>
</testsuite>
</testsuites>