<testsuites id="" name="" tests="1" failures="1" skipped="0" errors="0" time="118.624719">
<testsuite name="tests\features\OtherFunctionality\salesforce_reports.feature.spec.js" timestamp="2025-11-27T07:27:50.224Z" hostname="Google Chrome" tests="1" failures="1" skipped="0" time="115.601" errors="0">
<testcase name="Salesforce Reports Management › Create and Manage New Reports with Different Data › Example #1" classname="tests\features\OtherFunctionality\salesforce_reports.feature.spec.js" time="115.601">
<failure message="salesforce_reports.feature.spec.js:9:9 Example #1" type="FAILURE">
<![CDATA[  [Google Chrome] › tests\features\OtherFunctionality\salesforce_reports.feature.spec.js:9:9 › Salesforce Reports Management › Create and Manage New Reports with Different Data › Example #1 @mode:serial @reports @regression › Then Create new report with following details 

    Error: locator.click: Target page, context or browser has been closed
    Call log:
      - waiting for locator('iframe').contentFrame().getByRole('option', { name: 'All Report Type Category' })


       at ..\pages\OtherFunctionality\salesforceReports.ts:116

      114 |     // Select All category first
      115 |     await this.allReportsMenu.click();
    > 116 |     await this.page.waitForTimeout(1000); // Wait for category selection to take effect
          |                               ^
      117 |
      118 |
      119 |     // Click on the matching report type to select it
        at SalesforceReportsLocators.createNewReport (C:\Users\kasuvarn\OneDrive - Capgemini\Desktop\coding\Kartik_Salesforce\pages\OtherFunctionality\salesforceReports.ts:116:31)
        at Object.<anonymous> (C:\Users\kasuvarn\OneDrive - Capgemini\Desktop\coding\Kartik_Salesforce\stepdef\OtherFunctionality\salesforceReports.ts:11:5)
        at C:\Users\kasuvarn\OneDrive - Capgemini\Desktop\coding\Kartik_Salesforce\.features-gen\tests\features\OtherFunctionality\salesforce_reports.feature.spec.js:12:7

    attachment #4: video (video/webm) ──────────────────────────────────────────────────────────────
    ..\test-results\tests-features-OtherFuncti-148e5-th-Different-Data-Example-1-Google-Chrome\video.webm
    ────────────────────────────────────────────────────────────────────────────────────────────────

    attachment #5: trace (application/zip) ─────────────────────────────────────────────────────────
    ..\test-results\tests-features-OtherFuncti-148e5-th-Different-Data-Example-1-Google-Chrome\trace.zip
    Usage:

        npx playwright show-trace ..\test-results\tests-features-OtherFuncti-148e5-th-Different-Data-Example-1-Google-Chrome\trace.zip

    ────────────────────────────────────────────────────────────────────────────────────────────────
]]>
</failure>
<system-out>
<![CDATA[🚀 Initializing SalesforceLogin page object
✅ SalesforceLogin page object initialized successfully with all locators
🔄 Starting Salesforce login process...
📝 Login username: m4dvhi381@agentforce.com
Screenshot saved: 1-start-login
✅ Navigated to Salesforce login page
📋 Filling login credentials...
✅ Login credentials submitted
🎉 Login process completed!
🚀 Initializing SalesforceHome page object
✅ SalesforceHome page object initialized successfully with all locators
🔄 Starting app search and navigation...
📱 Searching for app: Reports
✅ App launcher is visible
Screenshot saved: 1-start-app-search
✅ App launcher opened
🔍 Searched for app in search box
Screenshot saved: 2-end-app-navigation
✅ Successfully navigated to Reports app
🎉 App navigation completed!

[[ATTACHMENT|..\test-results\tests-features-OtherFuncti-148e5-th-Different-Data-Example-1-Google-Chrome\video.webm]]

[[ATTACHMENT|..\test-results\tests-features-OtherFuncti-148e5-th-Different-Data-Example-1-Google-Chrome\trace.zip]]
]]>
</system-out>
</testcase>
</testsuite>
</testsuites>